<?xml version="1.0" encoding="UTF-8"?>
<!-- Generated by org.testng.reporters.JUnitReportReporter -->
<testsuite hostname="Hassan" failures="0" tests="1" name="com.trivago.room5.TestCases.Filters" time="45.962" errors="0" timestamp="12 Nov 2018 23:28:14 GMT" skipped="0">
  <testcase classname="com.trivago.room5.TestCases.Filters" name="results" time="45.962"/>
</testsuite> <!-- com.trivago.room5.TestCases.Filters -->
