<?xml version="1.0" encoding="UTF-8"?>
<!-- Generated by org.testng.reporters.JUnitReportReporter -->
<testsuite hostname="Hassan" failures="0" tests="1" name="com.trivago.room5.TestCases.contactForm" time="33.157" errors="0" timestamp="12 Nov 2018 21:28:13 GMT" skipped="0">
  <testcase classname="com.trivago.room5.TestCases.contactForm" name="contact" time="33.157"/>
</testsuite> <!-- com.trivago.room5.TestCases.contactForm -->
