<?xml version="1.0" encoding="UTF-8"?>
<!-- Generated by org.testng.reporters.JUnitReportReporter -->
<testsuite hostname="Hassan" failures="0" tests="1" name="com.trivago.room5.TestCases.search" time="39.838" errors="0" timestamp="12 Nov 2018 22:02:16 GMT" skipped="0">
  <testcase classname="com.trivago.room5.TestCases.search" name="locationSearch" time="39.838"/>
</testsuite> <!-- com.trivago.room5.TestCases.search -->
