<?xml version="1.0" encoding="UTF-8"?>
<!-- Generated by org.testng.reporters.JUnitReportReporter -->
<testsuite hostname="Hassan" failures="0" tests="1" name="com.trivago.room5.TestCases.Trends" time="25.262" errors="0" timestamp="12 Nov 2018 23:39:00 GMT" skipped="0">
  <testcase classname="com.trivago.room5.TestCases.Trends" name="TrendCheck" time="25.262"/>
</testsuite> <!-- com.trivago.room5.TestCases.Trends -->
