<?xml version="1.0" encoding="UTF-8"?>
<!-- Generated by org.testng.reporters.JUnitReportReporter -->
<testsuite hostname="Hassan" failures="0" tests="1" name="com.trivago.room5.TestCases.destination" time="25.001" errors="0" timestamp="12 Nov 2018 22:26:10 GMT" skipped="0">
  <testcase classname="com.trivago.room5.TestCases.destination" name="go2Destinations" time="25.001"/>
</testsuite> <!-- com.trivago.room5.TestCases.destination -->
