<?xml version="1.0" encoding="UTF-8"?>
<!-- Generated by org.testng.reporters.JUnitReportReporter -->
<testsuite hostname="Hassan" failures="0" tests="1" name="com.trivago.room5.TestCases.subNewsLetter" time="21.984" errors="0" timestamp="12 Nov 2018 22:08:52 GMT" skipped="0">
  <testcase classname="com.trivago.room5.TestCases.subNewsLetter" name="Letter" time="21.984"/>
</testsuite> <!-- com.trivago.room5.TestCases.subNewsLetter -->
